<?xml version="1.0" encoding="UTF-8" ?>
<testsuite errors="0" failures="0" hostname="Jamos-MPB" name="SimpleTest" skipped="0" tests="1" time="0.064" timestamp="2016-08-24T09:33:49">
  <properties>
    <property name="default.javac.source" value="1.4" />
    <property name="file.encoding.pkg" value="sun.io" />
    <property name="jnlp.signing.alias" value="" />
    <property name="javac.source" value="1.6" />
    <property name="java.home" value="/Library/Java/JavaVirtualMachines/jdk1.8.0.jdk/Contents/Home/jre" />
    <property name="test.src.dir" value="test" />
    <property name="javadoc.version" value="false" />
    <property name="jnlp.mixed.code" value="default" />
    <property name="java.endorsed.dirs" value="/Library/Java/JavaVirtualMachines/jdk1.8.0.jdk/Contents/Home/jre/lib/endorsed" />
    <property name="src.dir" value="src" />
    <property name="debug-args-line" value="-Xdebug" />
    <property name="build.sysclasspath" value="ignore" />
    <property name="have.sources" value="true" />
    <property name="includes" value="**" />
    <property name="javac.fork" value="false" />
    <property name="source.encoding" value="UTF-8" />
    <property name="sun.os.patch.level" value="unknown" />
    <property name="java.vendor.url" value="http://java.oracle.com/" />
    <property name="java.version" value="1.8.0" />
    <property name="javac.debug" value="true" />
    <property name="run.classpath" value=":build/classes://Library/Java/JavaVirtualMachines/jdk1.8.0.jdk/Contents/Home/jre/../lib/tools.jar" />
    <property name="java.vendor.url.bug" value="http://bugreport.sun.com/bugreport/" />
    <property name="ant.project.invoked-targets" value="test" />
    <property name="annotation.processing.run.all.processors" value="true" />
    <property name="manifest.file" value="manifest.mf" />
    <property name="user.name" value="jamo" />
    <property name="jnlp.enabled" value="false" />
    <property name="empty.dir" value="/Users/jamo/git/tmc/tmc-langs/tmc-langs-java/src/test/resources/UsingToolsJar/build/empty" />
    <property name="sun.io.unicode.encoding" value="UnicodeBig" />
    <property name="ant.file.tools_jar" value="/Users/jamo/git/tmc/tmc-langs/tmc-langs-java/src/test/resources/UsingToolsJar/build.xml" />
    <property name="sun.jnu.encoding" value="UTF-8" />
    <property name="java.runtime.name" value="Java(TM) SE Runtime Environment" />
    <property name="application.vendor" value="" />
    <property name="java.specification.name" value="Java Platform API Specification" />
    <property name="javadoc.author" value="false" />
    <property name="ap.proc.none.internal" value="" />
    <property name="user.timezone" value="Europe/Helsinki" />
    <property name="path.separator" value=":" />
    <property name="version-output" value="java version &quot;1.8" />
    <property name="jnlp.signing" value="" />
    <property name="file.encoding" value="UTF-8" />
    <property name="dist.javadoc.dir" value="dist/javadoc" />
    <property name="ant.project.default-target" value="default" />
    <property name="sun.java.command" value="org.apache.tools.ant.taskdefs.optional.junit.JUnitTestRunner SimpleTest skipNonTests=false filtertrace=true haltOnError=false haltOnFailure=false showoutput=true outputtoformatters=true logfailedtests=true threadid=0 logtestlistenerevents=false formatter=org.apache.tools.ant.taskdefs.optional.junit.BriefJUnitResultFormatter formatter=org.apache.tools.ant.taskdefs.optional.junit.XMLJUnitResultFormatter,/Users/jamo/git/tmc/tmc-langs/tmc-langs-java/src/test/resources/UsingToolsJar/build/test/results/TEST-SimpleTest.xml crashfile=/Users/jamo/git/tmc/tmc-langs/tmc-langs-java/src/test/resources/UsingToolsJar/build/junitvmwatcher2187961050348462974.properties propsfile=/Users/jamo/git/tmc/tmc-langs/tmc-langs-java/src/test/resources/UsingToolsJar/build/junit4633185709482049337.properties" />
    <property name="built-jar.properties" value="/Users/jamo/git/tmc/tmc-langs/tmc-langs-java/src/test/resources/UsingToolsJar/build/built-jar.properties" />
    <property name="ant.file" value="/Users/jamo/git/tmc/tmc-langs/tmc-langs-java/src/test/resources/UsingToolsJar/build.xml" />
    <property name="java.io.tmpdir" value="/var/folders/gj/58mscvdj5zj6np_bdhw7ctp00000gn/T/" />
    <property name="build.test.results.dir" value="build/test/results" />
    <property name="user.language" value="en" />
    <property name="line.separator" value="&#xa;" />
    <property name="javac.compilerargs" value="" />
    <property name="ant.file.type" value="file" />
    <property name="jar.compress" value="false" />
    <property name="debug-transport-by-os" value="dt_socket" />
    <property name="file.reference.tools.jar" value="//Library/Java/JavaVirtualMachines/jdk1.8.0.jdk/Contents/Home/jre/../lib/tools.jar" />
    <property name="java.vm.info" value="mixed mode" />
    <property name="javadoc.private" value="false" />
    <property name="annotation.processing.processors.list" value="" />
    <property name="java.vm.specification.name" value="Java Virtual Machine Specification" />
    <property name="build.test.classes.dir" value="build/test/classes" />
    <property name="platform.active" value="default_platform" />
    <property name="ap.cmd.line.internal" value="" />
    <property name="jdkBug6558476" value="false" />
    <property name="endorsed.classpath" value="" />
    <property name="javadoc.encoding" value="UTF-8" />
    <property name="java.awt.printerjob" value="sun.lwawt.macosx.CPrinterJob" />
    <property name="ap.processors.internal" value="" />
    <property name="do.archive" value="true" />
    <property name="dist.jar" value="dist/toos_jar.jar" />
    <property name="meta.inf.dir" value="src/META-INF" />
    <property name="ant.version" value="Apache Ant(TM) version 1.9.7 compiled on April 9 2016" />
    <property name="javadoc.nonavbar" value="false" />
    <property name="user.country.format" value="FI" />
    <property name="ant.file.toos_jar-impl" value="/Users/jamo/git/tmc/tmc-langs/tmc-langs-java/src/test/resources/UsingToolsJar/nbproject/build-impl.xml" />
    <property name="gopherProxySet" value="false" />
    <property name="annotation.processing.source.output" value="build/generated-sources/ap-source-output" />
    <property name="build.generated.dir" value="build/generated" />
    <property name="os.name" value="Mac OS X" />
    <property name="java.specification.vendor" value="Oracle Corporation" />
    <property name="file.reference.junit-4.10.jar" value="lib/junit-4.10.jar" />
    <property name="run.test.classpath" value=":build/classes:lib/junit-4.10.jar:lib/edu-test-utils-0.4.1.jar://Library/Java/JavaVirtualMachines/jdk1.8.0.jdk/Contents/Home/jre/../lib/tools.jar:build/test/classes://Library/Java/JavaVirtualMachines/jdk1.8.0.jdk/Contents/Home/jre/../lib/tools.jar" />
    <property name="java.vm.name" value="Java HotSpot(TM) 64-Bit Server VM" />
    <property name="ap.supported.internal" value="true" />
    <property name="java.library.path" value="/Users/jamo/Library/Java/Extensions:/Library/Java/Extensions:/Network/Library/Java/Extensions:/System/Library/Java/Extensions:/usr/lib/java:." />
    <property name="ant.java.version" value="1.8" />
    <property name="basedir" value="/Users/jamo/git/tmc/tmc-langs/tmc-langs-java/src/test/resources/UsingToolsJar" />
    <property name="javadoc.noindex" value="false" />
    <property name="java.class.version" value="52.0" />
    <property name="javac.test.classpath" value=":build/classes:lib/junit-4.10.jar:lib/edu-test-utils-0.4.1.jar://Library/Java/JavaVirtualMachines/jdk1.8.0.jdk/Contents/Home/jre/../lib/tools.jar" />
    <property name="javac.processorpath" value="" />
    <property name="ant.home" value="/usr/local/Cellar/ant/1.9.7/libexec" />
    <property name="javadoc.splitindex" value="true" />
    <property name="javac.test.processorpath" value=":build/classes:lib/junit-4.10.jar:lib/edu-test-utils-0.4.1.jar://Library/Java/JavaVirtualMachines/jdk1.8.0.jdk/Contents/Home/jre/../lib/tools.jar" />
    <property name="javadoc.preview" value="true" />
    <property name="jnlp.signing.keystore" value="" />
    <property name="junit.forkmode" value="perTest" />
    <property name="sun.boot.library.path" value="/Library/Java/JavaVirtualMachines/jdk1.8.0.jdk/Contents/Home/jre/lib" />
    <property name="build.dir" value="build" />
    <property name="application.title" value="toos_jar" />
    <property name="sun.management.compiler" value="HotSpot 64-Bit Tiered Compilers" />
    <property name="java.awt.graphicsenv" value="sun.awt.CGraphicsEnvironment" />
    <property name="javadoc.encoding.used" value="UTF-8" />
    <property name="javadoc.windowtitle" value="" />
    <property name="annotation.processing.enabled" value="true" />
    <property name="build.generated.sources.dir" value="build/generated-sources" />
    <property name="run.jvmargs" value="" />
    <property name="ant.project.name" value="tools_jar" />
    <property name="java.vm.specification.version" value="1.8" />
    <property name="work.dir" value="/Users/jamo/git/tmc/tmc-langs/tmc-langs-java/src/test/resources/UsingToolsJar" />
    <property name="awt.toolkit" value="sun.lwawt.macosx.LWCToolkit" />
    <property name="javadoc.use" value="true" />
    <property name="sun.cpu.isalist" value="" />
    <property name="java.ext.dirs" value="/Users/jamo/Library/Java/Extensions:/Library/Java/JavaVirtualMachines/jdk1.8.0.jdk/Contents/Home/jre/lib/ext:/Library/Java/Extensions:/Network/Library/Java/Extensions:/System/Library/Java/Extensions:/usr/lib/java" />
    <property name="os.version" value="10.11.4" />
    <property name="excludes" value="" />
    <property name="user.home" value="/Users/jamo" />
    <property name="jnlp.descriptor" value="application" />
    <property name="java.vm.vendor" value="Oracle Corporation" />
    <property name="user.dir" value="/Users/jamo/git/tmc/tmc-langs/tmc-langs-java/src/test/resources/UsingToolsJar" />
    <property name="debug-transport" value="dt_socket" />
    <property name="application.args" value="" />
    <property name="sun.cpu.endian" value="little" />
    <property name="endorsed.classpath.cmd.line.arg" value="" />
    <property name="jar.index" value="false" />
    <property name="java.vm.version" value="25.0-b70" />
    <property name="jnlp.offline-allowed" value="false" />
    <property name="annotation.processing.processor.options" value="" />
    <property name="java.class.path" value="/Users/jamo/git/tmc/tmc-langs/tmc-langs-java/src/test/resources/UsingToolsJar/build/classes:/Users/jamo/git/tmc/tmc-langs/tmc-langs-java/src/test/resources/UsingToolsJar/lib/junit-4.10.jar:/Users/jamo/git/tmc/tmc-langs/tmc-langs-java/src/test/resources/UsingToolsJar/lib/edu-test-utils-0.4.1.jar:/Library/Java/JavaVirtualMachines/jdk1.8.0.jdk/Contents/Home/lib/tools.jar:/Users/jamo/git/tmc/tmc-langs/tmc-langs-java/src/test/resources/UsingToolsJar/build/test/classes:/usr/local/Cellar/ant/1.9.7/libexec/lib/ant-launcher.jar:/usr/local/Cellar/ant/1.9.7/libexec/lib/ant.jar:/usr/local/Cellar/ant/1.9.7/libexec/lib/ant-junit.jar:/usr/local/Cellar/ant/1.9.7/libexec/lib/ant-junit4.jar" />
    <property name="ant.library.dir" value="/usr/local/Cellar/ant/1.9.7/libexec/lib" />
    <property name="os.arch" value="x86_64" />
    <property name="javac.deprecation" value="false" />
    <property name="build.classes.excludes" value="**/*.java,**/*.form" />
    <property name="dist.dir" value="dist" />
    <property name="debug.classpath" value=":build/classes://Library/Java/JavaVirtualMachines/jdk1.8.0.jdk/Contents/Home/jre/../lib/tools.jar" />
    <property name="sun.java.launcher" value="SUN_STANDARD" />
    <property name="jar.index.metainf" value="false" />
    <property name="jnlp.codebase.type" value="no.codebase" />
    <property name="ant.file.type.tools_jar" value="file" />
    <property name="annotation.processing.enabled.in.editor" value="false" />
    <property name="ant.core.lib" value="/usr/local/Cellar/ant/1.9.7/libexec/lib/ant.jar" />
    <property name="jnlp.signed" value="false" />
    <property name="java.vm.specification.vendor" value="Oracle Corporation" />
    <property name="do.depend" value="false" />
    <property name="file.separator" value="/" />
    <property name="java.runtime.version" value="1.8.0-b132" />
    <property name="sun.boot.class.path" value="/Library/Java/JavaVirtualMachines/jdk1.8.0.jdk/Contents/Home/jre/lib/resources.jar:/Library/Java/JavaVirtualMachines/jdk1.8.0.jdk/Contents/Home/jre/lib/rt.jar:/Library/Java/JavaVirtualMachines/jdk1.8.0.jdk/Contents/Home/jre/lib/sunrsasign.jar:/Library/Java/JavaVirtualMachines/jdk1.8.0.jdk/Contents/Home/jre/lib/jsse.jar:/Library/Java/JavaVirtualMachines/jdk1.8.0.jdk/Contents/Home/jre/lib/jce.jar:/Library/Java/JavaVirtualMachines/jdk1.8.0.jdk/Contents/Home/jre/lib/charsets.jar:/Library/Java/JavaVirtualMachines/jdk1.8.0.jdk/Contents/Home/jre/lib/jfr.jar:/Library/Java/JavaVirtualMachines/jdk1.8.0.jdk/Contents/Home/jre/classes" />
    <property name="debug.test.classpath" value=":build/classes:lib/junit-4.10.jar:lib/edu-test-utils-0.4.1.jar://Library/Java/JavaVirtualMachines/jdk1.8.0.jdk/Contents/Home/jre/../lib/tools.jar:build/test/classes://Library/Java/JavaVirtualMachines/jdk1.8.0.jdk/Contents/Home/jre/../lib/tools.jar" />
    <property name="have.tests" value="true" />
    <property name="jar.archive.disabled" value="false" />
    <property name="user.country" value="US" />
    <property name="javadoc.notree" value="false" />
    <property name="javadoc.additionalparam" value="" />
    <property name="default.javac.target" value="1.4" />
    <property name="javac.classpath" value="" />
    <property name="build.classes.dir" value="build/classes" />
    <property name="java.vendor" value="Oracle Corporation" />
    <property name="javac.target" value="1.6" />
    <property name="runtime.encoding" value="UTF-8" />
    <property name="file.reference.edu-test-utils-0.4.1.jar" value="lib/edu-test-utils-0.4.1.jar" />
    <property name="java.specification.version" value="1.8" />
    <property name="mkdist.disabled" value="false" />
    <property name="ant.file.type.toos_jar-impl" value="file" />
    <property name="sun.arch.data.model" value="64" />
  </properties>
  <testcase classname="SimpleTest" name="testToolsJar" time="0.004" />
  <system-out><![CDATA[]]></system-out>
  <system-err><![CDATA[]]></system-err>
</testsuite>
